# JRE version: OpenJDK Runtime Environment (8.0_242-b01) (build 1.8.0_242-release-1644-b01)
# Java VM: OpenJDK 64-Bit Server VM (25.242-b01 mixed mode windows-amd64 compressed oops)
Heap:
 PSYoungGen      total 631808K, used 198986K [0x00000000d5580000, 0x0000000100000000, 0x0000000100000000)
  eden space 578048K, 25% used [0x00000000d5580000,0x00000000de7f9310,0x00000000f8a00000)
  from space 53760K, 91% used [0x00000000fca00000,0x00000000ff9d9680,0x00000000ffe80000)
  to   space 60416K, 0% used [0x00000000f8a00000,0x00000000f8a00000,0x00000000fc500000)
 ParOldGen       total 291840K, used 105910K [0x0000000080000000, 0x0000000091d00000, 0x00000000d5580000)
  object space 291840K, 36% used [0x0000000080000000,0x000000008676db98,0x0000000091d00000)
 Metaspace       used 109950K, capacity 116196K, committed 116480K, reserved 1150976K
  class space    used 14299K, capacity 15500K, committed 15616K, reserved 1048576K
GC Heap History (10 events):
Event: 101.988 GC heap before
{Heap before GC invocations=30 (full 4):
 PSYoungGen      total 528384K, used 490511K [0x00000000d5580000, 0x00000000fe900000, 0x0000000100000000)
  eden space 468480K, 100% used [0x00000000d5580000,0x00000000f1f00000,0x00000000f1f00000)
  from space 59904K, 36% used [0x00000000f1f00000,0x00000000f3483ce8,0x00000000f5980000)
  to   space 57344K, 0% used [0x00000000fb100000,0x00000000fb100000,0x00000000fe900000)
 ParOldGen       total 291840K, used 90133K [0x0000000080000000, 0x0000000091d00000, 0x00000000d5580000)
  object space 291840K, 30% used [0x0000000080000000,0x0000000085805568,0x0000000091d00000)
 Metaspace       used 108126K, capacity 114316K, committed 114432K, reserved 1148928K
  class space    used 14143K, capacity 15290K, committed 15360K, reserved 1048576K
Event: 102.034 GC heap after
Heap after GC invocations=30 (full 4):
 PSYoungGen      total 618496K, used 13126K [0x00000000d5580000, 0x00000000fe980000, 0x0000000100000000)
  eden space 561152K, 0% used [0x00000000d5580000,0x00000000d5580000,0x00000000f7980000)
  from space 57344K, 22% used [0x00000000fb100000,0x00000000fbdd1998,0x00000000fe900000)
  to   space 56832K, 0% used [0x00000000f7980000,0x00000000f7980000,0x00000000fb100000)
 ParOldGen       total 291840K, used 103081K [0x0000000080000000, 0x0000000091d00000, 0x00000000d5580000)
  object space 291840K, 35% used [0x0000000080000000,0x00000000864aa480,0x0000000091d00000)
 Metaspace       used 108126K, capacity 114316K, committed 114432K, reserved 1148928K
  class space    used 14143K, capacity 15290K, committed 15360K, reserved 1048576K
}
Event: 103.113 GC heap before
{Heap before GC invocations=31 (full 4):
 PSYoungGen      total 618496K, used 574278K [0x00000000d5580000, 0x00000000fe980000, 0x0000000100000000)
  eden space 561152K, 100% used [0x00000000d5580000,0x00000000f7980000,0x00000000f7980000)
  from space 57344K, 22% used [0x00000000fb100000,0x00000000fbdd1998,0x00000000fe900000)
  to   space 56832K, 0% used [0x00000000f7980000,0x00000000f7980000,0x00000000fb100000)
 ParOldGen       total 291840K, used 103081K [0x0000000080000000, 0x0000000091d00000, 0x00000000d5580000)
  object space 291840K, 35% used [0x0000000080000000,0x00000000864aa480,0x0000000091d00000)
 Metaspace       used 108208K, capacity 114402K, committed 114688K, reserved 1148928K
  class space    used 14144K, capacity 15291K, committed 15360K, reserved 1048576K
Event: 103.137 GC heap after
Heap after GC invocations=31 (full 4):
 PSYoungGen      total 617984K, used 18721K [0x00000000d5580000, 0x00000000ffb80000, 0x0000000100000000)
  eden space 561152K, 0% used [0x00000000d5580000,0x00000000d5580000,0x00000000f7980000)
  from space 56832K, 32% used [0x00000000f7980000,0x00000000f8bc84e8,0x00000000fb100000)
  to   space 54784K, 0% used [0x00000000fc600000,0x00000000fc600000,0x00000000ffb80000)
 ParOldGen       total 291840K, used 103825K [0x0000000080000000, 0x0000000091d00000, 0x00000000d5580000)
  object space 291840K, 35% used [0x0000000080000000,0x00000000865644d0,0x0000000091d00000)
 Metaspace       used 108208K, capacity 114402K, committed 114688K, reserved 1148928K
  class space    used 14144K, capacity 15291K, committed 15360K, reserved 1048576K
}
Event: 105.379 GC heap before
{Heap before GC invocations=32 (full 4):
 PSYoungGen      total 617984K, used 579873K [0x00000000d5580000, 0x00000000ffb80000, 0x0000000100000000)
  eden space 561152K, 100% used [0x00000000d5580000,0x00000000f7980000,0x00000000f7980000)
  from space 56832K, 32% used [0x00000000f7980000,0x00000000f8bc84e8,0x00000000fb100000)
  to   space 54784K, 0% used [0x00000000fc600000,0x00000000fc600000,0x00000000ffb80000)
 ParOldGen       total 291840K, used 103825K [0x0000000080000000, 0x0000000091d00000, 0x00000000d5580000)
  object space 291840K, 35% used [0x0000000080000000,0x00000000865644d0,0x0000000091d00000)
 Metaspace       used 108231K, capacity 114402K, committed 114688K, reserved 1148928K
  class space    used 14144K, capacity 15291K, committed 15360K, reserved 1048576K
Event: 105.392 GC heap after
Heap after GC invocations=32 (full 4):
 PSYoungGen      total 640000K, used 10744K [0x00000000d5580000, 0x00000000ffd00000, 0x0000000100000000)
  eden space 585216K, 0% used [0x00000000d5580000,0x00000000d5580000,0x00000000f9100000)
  from space 54784K, 19% used [0x00000000fc600000,0x00000000fd07e158,0x00000000ffb80000)
  to   space 54272K, 0% used [0x00000000f9100000,0x00000000f9100000,0x00000000fc600000)
 ParOldGen       total 291840K, used 104737K [0x0000000080000000, 0x0000000091d00000, 0x00000000d5580000)
  object space 291840K, 35% used [0x0000000080000000,0x00000000866484f0,0x0000000091d00000)
 Metaspace       used 108231K, capacity 114402K, committed 114688K, reserved 1148928K
  class space    used 14144K, capacity 15291K, committed 15360K, reserved 1048576K
}
Event: 108.215 GC heap before
{Heap before GC invocations=33 (full 4):
 PSYoungGen      total 640000K, used 595960K [0x00000000d5580000, 0x00000000ffd00000, 0x0000000100000000)
  eden space 585216K, 100% used [0x00000000d5580000,0x00000000f9100000,0x00000000f9100000)
  from space 54784K, 19% used [0x00000000fc600000,0x00000000fd07e158,0x00000000ffb80000)
  to   space 54272K, 0% used [0x00000000f9100000,0x00000000f9100000,0x00000000fc600000)
 ParOldGen       total 291840K, used 104737K [0x0000000080000000, 0x0000000091d00000, 0x00000000d5580000)
  object space 291840K, 35% used [0x0000000080000000,0x00000000866484f0,0x0000000091d00000)
 Metaspace       used 108270K, capacity 114484K, committed 114688K, reserved 1148928K
  class space    used 14144K, capacity 15292K, committed 15360K, reserved 1048576K
Event: 108.230 GC heap after
Heap after GC invocations=33 (full 4):
 PSYoungGen      total 639488K, used 8736K [0x00000000d5580000, 0x00000000ffe80000, 0x0000000100000000)
  eden space 585216K, 0% used [0x00000000d5580000,0x00000000d5580000,0x00000000f9100000)
  from space 54272K, 16% used [0x00000000f9100000,0x00000000f99883d0,0x00000000fc600000)
  to   space 53760K, 0% used [0x00000000fca00000,0x00000000fca00000,0x00000000ffe80000)
 ParOldGen       total 291840K, used 105405K [0x0000000080000000, 0x0000000091d00000, 0x00000000d5580000)
  object space 291840K, 36% used [0x0000000080000000,0x00000000866ef7f0,0x0000000091d00000)
 Metaspace       used 108270K, capacity 114484K, committed 114688K, reserved 1148928K
  class space    used 14144K, capacity 15292K, committed 15360K, reserved 1048576K
}
Event: 112.435 GC heap before
{Heap before GC invocations=34 (full 4):
 PSYoungGen      total 639488K, used 593719K [0x00000000d5580000, 0x00000000ffe80000, 0x0000000100000000)
  eden space 585216K, 99% used [0x00000000d5580000,0x00000000f90c5a40,0x00000000f9100000)
  from space 54272K, 16% used [0x00000000f9100000,0x00000000f99883d0,0x00000000fc600000)
  to   space 53760K, 0% used [0x00000000fca00000,0x00000000fca00000,0x00000000ffe80000)
 ParOldGen       total 291840K, used 105405K [0x0000000080000000, 0x0000000091d00000, 0x00000000d5580000)
  object space 291840K, 36% used [0x0000000080000000,0x00000000866ef7f0,0x0000000091d00000)
 Metaspace       used 108914K, capacity 115200K, committed 115328K, reserved 1148928K
  class space    used 14209K, capacity 15382K, committed 15488K, reserved 1048576K
Event: 112.566 GC heap after
Heap after GC invocations=34 (full 4):
 PSYoungGen      total 631808K, used 48997K [0x00000000d5580000, 0x0000000100000000, 0x0000000100000000)
  eden space 578048K, 0% used [0x00000000d5580000,0x00000000d5580000,0x00000000f8a00000)
  from space 53760K, 91% used [0x00000000fca00000,0x00000000ff9d9680,0x00000000ffe80000)
  to   space 60416K, 0% used [0x00000000f8a00000,0x00000000f8a00000,0x00000000fc500000)
 ParOldGen       total 291840K, used 105910K [0x0000000080000000, 0x0000000091d00000, 0x00000000d5580000)
  object space 291840K, 36% used [0x0000000080000000,0x000000008676db98,0x0000000091d00000)
 Metaspace       used 108914K, capacity 115200K, committed 115328K, reserved 1148928K
  class space    used 14209K, capacity 15382K, committed 15488K, reserved 1048576K
}

